The system is: Darwin - 14.0.0 - x86_64
Compiling the C compiler identification source file "CMakeCCompilerId.c" succeeded.
Compiler: /opt/local/bin/gcc 
Build flags: 
Id flags: 

The output was:
0


Compilation of the C compiler identification source "CMakeCCompilerId.c" produced "a.out"

The C compiler identification is GNU, found in "/Users/fengzeng/workspace/PyroTools/bamtools/build/CMakeFiles/3.0.2/CompilerIdC/a.out"

Compiling the CXX compiler identification source file "CMakeCXXCompilerId.cpp" succeeded.
Compiler: /opt/local/bin/g++ 
Build flags: 
Id flags: 

The output was:
0


Compilation of the CXX compiler identification source "CMakeCXXCompilerId.cpp" produced "a.out"

The CXX compiler identification is GNU, found in "/Users/fengzeng/workspace/PyroTools/bamtools/build/CMakeFiles/3.0.2/CompilerIdCXX/a.out"

Determining if the C compiler works passed with the following output:
Change Dir: /Users/fengzeng/workspace/PyroTools/bamtools/build/CMakeFiles/CMakeTmp

Run Build Command:"/usr/bin/make" "cmTryCompileExec539887237/fast"
/Applications/Xcode.app/Contents/Developer/usr/bin/make -f CMakeFiles/cmTryCompileExec539887237.dir/build.make CMakeFiles/cmTryCompileExec539887237.dir/build
/opt/local/bin/cmake -E cmake_progress_report /Users/fengzeng/workspace/PyroTools/bamtools/build/CMakeFiles/CMakeTmp/CMakeFiles 1
Building C object CMakeFiles/cmTryCompileExec539887237.dir/testCCompiler.c.o
/opt/local/bin/gcc    -o CMakeFiles/cmTryCompileExec539887237.dir/testCCompiler.c.o   -c /Users/fengzeng/workspace/PyroTools/bamtools/build/CMakeFiles/CMakeTmp/testCCompiler.c
Linking C executable cmTryCompileExec539887237
/opt/local/bin/cmake -E cmake_link_script CMakeFiles/cmTryCompileExec539887237.dir/link.txt --verbose=1
/opt/local/bin/gcc    -Wl,-search_paths_first -Wl,-headerpad_max_install_names   CMakeFiles/cmTryCompileExec539887237.dir/testCCompiler.c.o  -o cmTryCompileExec539887237  


Detecting C compiler ABI info compiled with the following output:
Change Dir: /Users/fengzeng/workspace/PyroTools/bamtools/build/CMakeFiles/CMakeTmp

Run Build Command:"/usr/bin/make" "cmTryCompileExec693402180/fast"
/Applications/Xcode.app/Contents/Developer/usr/bin/make -f CMakeFiles/cmTryCompileExec693402180.dir/build.make CMakeFiles/cmTryCompileExec693402180.dir/build
/opt/local/bin/cmake -E cmake_progress_report /Users/fengzeng/workspace/PyroTools/bamtools/build/CMakeFiles/CMakeTmp/CMakeFiles 1
Building C object CMakeFiles/cmTryCompileExec693402180.dir/CMakeCCompilerABI.c.o
/opt/local/bin/gcc    -o CMakeFiles/cmTryCompileExec693402180.dir/CMakeCCompilerABI.c.o   -c /opt/local/share/cmake-3.0/Modules/CMakeCCompilerABI.c
Linking C executable cmTryCompileExec693402180
/opt/local/bin/cmake -E cmake_link_script CMakeFiles/cmTryCompileExec693402180.dir/link.txt --verbose=1
/opt/local/bin/gcc    -Wl,-search_paths_first -Wl,-headerpad_max_install_names -v -Wl,-v CMakeFiles/cmTryCompileExec693402180.dir/CMakeCCompilerABI.c.o  -o cmTryCompileExec693402180   
Using built-in specs.
COLLECT_GCC=/opt/local/bin/gcc
COLLECT_LTO_WRAPPER=/opt/local/libexec/gcc/x86_64-apple-darwin14/4.9.1/lto-wrapper
Target: x86_64-apple-darwin14
Configured with: /opt/local/var/macports/build/_opt_local_var_macports_sources_rsync.macports.org_release_tarballs_ports_lang_gcc49/gcc49/work/gcc-4.9.1/configure --prefix=/opt/local --build=x86_64-apple-darwin14 --enable-languages=c,c++,objc,obj-c++,lto,fortran,java --libdir=/opt/local/lib/gcc49 --includedir=/opt/local/include/gcc49 --infodir=/opt/local/share/info --mandir=/opt/local/share/man --datarootdir=/opt/local/share/gcc-4.9 --with-local-prefix=/opt/local --with-system-zlib --disable-nls --program-suffix=-mp-4.9 --with-gxx-include-dir=/opt/local/include/gcc49/c++/ --with-gmp=/opt/local --with-mpfr=/opt/local --with-mpc=/opt/local --with-cloog=/opt/local --enable-cloog-backend=isl --disable-cloog-version-check --enable-stage1-checking --disable-multilib --enable-lto --enable-libstdcxx-time --with-as=/opt/local/bin/as --with-ld=/opt/local/bin/ld --with-ar=/opt/local/bin/ar --with-bugurl=https://trac.macports.org/newticket --with-pkgversion='MacPorts gcc49 4.9.1_1'
Thread model: posix
gcc version 4.9.1 (MacPorts gcc49 4.9.1_1) 
COMPILER_PATH=/opt/local/libexec/gcc/x86_64-apple-darwin14/4.9.1/:/opt/local/libexec/gcc/x86_64-apple-darwin14/4.9.1/:/opt/local/libexec/gcc/x86_64-apple-darwin14/:/opt/local/lib/gcc49/gcc/x86_64-apple-darwin14/4.9.1/:/opt/local/lib/gcc49/gcc/x86_64-apple-darwin14/
LIBRARY_PATH=/opt/local/lib/gcc49/gcc/x86_64-apple-darwin14/4.9.1/:/opt/local/lib/gcc49/gcc/x86_64-apple-darwin14/4.9.1/../../../:/usr/lib/
COLLECT_GCC_OPTIONS='-mmacosx-version-min=10.10.0' '-v' '-o' 'cmTryCompileExec693402180' '-mtune=core2'
 /opt/local/libexec/gcc/x86_64-apple-darwin14/4.9.1/collect2 -dynamic -arch x86_64 -macosx_version_min 10.10.0 -weak_reference_mismatches non-weak -o cmTryCompileExec693402180 -L/opt/local/lib/gcc49/gcc/x86_64-apple-darwin14/4.9.1 -L/opt/local/lib/gcc49/gcc/x86_64-apple-darwin14/4.9.1/../../.. -search_paths_first -headerpad_max_install_names -v CMakeFiles/cmTryCompileExec693402180.dir/CMakeCCompilerABI.c.o -no_compact_unwind -lSystem -lgcc_ext.10.5 -lgcc -lSystem -v
collect2 version 4.9.1
/opt/local/bin/ld -dynamic -arch x86_64 -macosx_version_min 10.10.0 -weak_reference_mismatches non-weak -o cmTryCompileExec693402180 -L/opt/local/lib/gcc49/gcc/x86_64-apple-darwin14/4.9.1 -L/opt/local/lib/gcc49/gcc/x86_64-apple-darwin14/4.9.1/../../.. -search_paths_first -headerpad_max_install_names -v CMakeFiles/cmTryCompileExec693402180.dir/CMakeCCompilerABI.c.o -no_compact_unwind -lSystem -lgcc_ext.10.5 -lgcc -lSystem -v
@(#)PROGRAM:ld  PROJECT:ld64-236.3
configured to support archs: i386 x86_64 x86_64h armv6 armv7 armv7s armv7m arm64
@(#)PROGRAM:ld  PROJECT:ld64-236.3
configured to support archs: i386 x86_64 x86_64h armv6 armv7 armv7s armv7m arm64
Library search paths:
	/opt/local/lib/gcc49/gcc/x86_64-apple-darwin14/4.9.1
	/opt/local/lib/gcc49
	/usr/lib
	/usr/local/lib
Framework search paths:
	/Library/Frameworks/
	/System/Library/Frameworks/
 /opt/local/bin/nm -n CMakeFiles/cmTryCompileExec693402180.dir/CMakeCCompilerABI.c.o


Parsed C implicit link information from above output:
  link line regex: [^( *|.*[/\])(ld|([^/\]+-)?ld|collect2)[^/\]*( |$)]
  ignore line: [Change Dir: /Users/fengzeng/workspace/PyroTools/bamtools/build/CMakeFiles/CMakeTmp]
  ignore line: []
  ignore line: [Run Build Command:"/usr/bin/make" "cmTryCompileExec693402180/fast"]
  ignore line: [/Applications/Xcode.app/Contents/Developer/usr/bin/make -f CMakeFiles/cmTryCompileExec693402180.dir/build.make CMakeFiles/cmTryCompileExec693402180.dir/build]
  ignore line: [/opt/local/bin/cmake -E cmake_progress_report /Users/fengzeng/workspace/PyroTools/bamtools/build/CMakeFiles/CMakeTmp/CMakeFiles 1]
  ignore line: [Building C object CMakeFiles/cmTryCompileExec693402180.dir/CMakeCCompilerABI.c.o]
  ignore line: [/opt/local/bin/gcc    -o CMakeFiles/cmTryCompileExec693402180.dir/CMakeCCompilerABI.c.o   -c /opt/local/share/cmake-3.0/Modules/CMakeCCompilerABI.c]
  ignore line: [Linking C executable cmTryCompileExec693402180]
  ignore line: [/opt/local/bin/cmake -E cmake_link_script CMakeFiles/cmTryCompileExec693402180.dir/link.txt --verbose=1]
  ignore line: [/opt/local/bin/gcc    -Wl,-search_paths_first -Wl,-headerpad_max_install_names -v -Wl,-v CMakeFiles/cmTryCompileExec693402180.dir/CMakeCCompilerABI.c.o  -o cmTryCompileExec693402180   ]
  ignore line: [Using built-in specs.]
  ignore line: [COLLECT_GCC=/opt/local/bin/gcc]
  ignore line: [COLLECT_LTO_WRAPPER=/opt/local/libexec/gcc/x86_64-apple-darwin14/4.9.1/lto-wrapper]
  ignore line: [Target: x86_64-apple-darwin14]
  ignore line: [Configured with: /opt/local/var/macports/build/_opt_local_var_macports_sources_rsync.macports.org_release_tarballs_ports_lang_gcc49/gcc49/work/gcc-4.9.1/configure --prefix=/opt/local --build=x86_64-apple-darwin14 --enable-languages=c,c++,objc,obj-c++,lto,fortran,java --libdir=/opt/local/lib/gcc49 --includedir=/opt/local/include/gcc49 --infodir=/opt/local/share/info --mandir=/opt/local/share/man --datarootdir=/opt/local/share/gcc-4.9 --with-local-prefix=/opt/local --with-system-zlib --disable-nls --program-suffix=-mp-4.9 --with-gxx-include-dir=/opt/local/include/gcc49/c++/ --with-gmp=/opt/local --with-mpfr=/opt/local --with-mpc=/opt/local --with-cloog=/opt/local --enable-cloog-backend=isl --disable-cloog-version-check --enable-stage1-checking --disable-multilib --enable-lto --enable-libstdcxx-time --with-as=/opt/local/bin/as --with-ld=/opt/local/bin/ld --with-ar=/opt/local/bin/ar --with-bugurl=https://trac.macports.org/newticket --with-pkgversion='MacPorts gcc49 4.9.1_1']
  ignore line: [Thread model: posix]
  ignore line: [gcc version 4.9.1 (MacPorts gcc49 4.9.1_1) ]
  ignore line: [COMPILER_PATH=/opt/local/libexec/gcc/x86_64-apple-darwin14/4.9.1/:/opt/local/libexec/gcc/x86_64-apple-darwin14/4.9.1/:/opt/local/libexec/gcc/x86_64-apple-darwin14/:/opt/local/lib/gcc49/gcc/x86_64-apple-darwin14/4.9.1/:/opt/local/lib/gcc49/gcc/x86_64-apple-darwin14/]
  ignore line: [LIBRARY_PATH=/opt/local/lib/gcc49/gcc/x86_64-apple-darwin14/4.9.1/:/opt/local/lib/gcc49/gcc/x86_64-apple-darwin14/4.9.1/../../../:/usr/lib/]
  ignore line: [COLLECT_GCC_OPTIONS='-mmacosx-version-min=10.10.0' '-v' '-o' 'cmTryCompileExec693402180' '-mtune=core2']
  link line: [ /opt/local/libexec/gcc/x86_64-apple-darwin14/4.9.1/collect2 -dynamic -arch x86_64 -macosx_version_min 10.10.0 -weak_reference_mismatches non-weak -o cmTryCompileExec693402180 -L/opt/local/lib/gcc49/gcc/x86_64-apple-darwin14/4.9.1 -L/opt/local/lib/gcc49/gcc/x86_64-apple-darwin14/4.9.1/../../.. -search_paths_first -headerpad_max_install_names -v CMakeFiles/cmTryCompileExec693402180.dir/CMakeCCompilerABI.c.o -no_compact_unwind -lSystem -lgcc_ext.10.5 -lgcc -lSystem -v]
    arg [/opt/local/libexec/gcc/x86_64-apple-darwin14/4.9.1/collect2] ==> ignore
    arg [-dynamic] ==> ignore
    arg [-arch] ==> ignore
    arg [x86_64] ==> ignore
    arg [-macosx_version_min] ==> ignore
    arg [10.10.0] ==> ignore
    arg [-weak_reference_mismatches] ==> ignore
    arg [non-weak] ==> ignore
    arg [-o] ==> ignore
    arg [cmTryCompileExec693402180] ==> ignore
    arg [-L/opt/local/lib/gcc49/gcc/x86_64-apple-darwin14/4.9.1] ==> dir [/opt/local/lib/gcc49/gcc/x86_64-apple-darwin14/4.9.1]
    arg [-L/opt/local/lib/gcc49/gcc/x86_64-apple-darwin14/4.9.1/../../..] ==> dir [/opt/local/lib/gcc49/gcc/x86_64-apple-darwin14/4.9.1/../../..]
    arg [-search_paths_first] ==> ignore
    arg [-headerpad_max_install_names] ==> ignore
    arg [-v] ==> ignore
    arg [CMakeFiles/cmTryCompileExec693402180.dir/CMakeCCompilerABI.c.o] ==> ignore
    arg [-no_compact_unwind] ==> ignore
    arg [-lSystem] ==> lib [System]
    arg [-lgcc_ext.10.5] ==> lib [gcc_ext.10.5]
    arg [-lgcc] ==> lib [gcc]
    arg [-lSystem] ==> lib [System]
    arg [-v] ==> ignore
  Library search paths: [;/opt/local/lib/gcc49/gcc/x86_64-apple-darwin14/4.9.1;/opt/local/lib/gcc49;/usr/lib;/usr/local/lib]
  Framework search paths: [;/Library/Frameworks/;/System/Library/Frameworks/]
  remove lib [System]
  remove lib [gcc_ext.10.5]
  remove lib [gcc]
  remove lib [System]
  collapse library dir [/opt/local/lib/gcc49/gcc/x86_64-apple-darwin14/4.9.1] ==> [/opt/local/lib/gcc49/gcc/x86_64-apple-darwin14/4.9.1]
  collapse library dir [/opt/local/lib/gcc49/gcc/x86_64-apple-darwin14/4.9.1/../../..] ==> [/opt/local/lib/gcc49]
  collapse library dir [/opt/local/lib/gcc49/gcc/x86_64-apple-darwin14/4.9.1] ==> [/opt/local/lib/gcc49/gcc/x86_64-apple-darwin14/4.9.1]
  collapse library dir [/opt/local/lib/gcc49] ==> [/opt/local/lib/gcc49]
  collapse library dir [/usr/lib] ==> [/usr/lib]
  collapse library dir [/usr/local/lib] ==> [/usr/local/lib]
  collapse framework dir [/Library/Frameworks/] ==> [/Library/Frameworks]
  collapse framework dir [/System/Library/Frameworks/] ==> [/System/Library/Frameworks]
  implicit libs: []
  implicit dirs: [/opt/local/lib/gcc49/gcc/x86_64-apple-darwin14/4.9.1;/opt/local/lib/gcc49;/usr/lib;/usr/local/lib]
  implicit fwks: [/Library/Frameworks;/System/Library/Frameworks]


Determining if the CXX compiler works passed with the following output:
Change Dir: /Users/fengzeng/workspace/PyroTools/bamtools/build/CMakeFiles/CMakeTmp

Run Build Command:"/usr/bin/make" "cmTryCompileExec1946924407/fast"
/Applications/Xcode.app/Contents/Developer/usr/bin/make -f CMakeFiles/cmTryCompileExec1946924407.dir/build.make CMakeFiles/cmTryCompileExec1946924407.dir/build
/opt/local/bin/cmake -E cmake_progress_report /Users/fengzeng/workspace/PyroTools/bamtools/build/CMakeFiles/CMakeTmp/CMakeFiles 1
Building CXX object CMakeFiles/cmTryCompileExec1946924407.dir/testCXXCompiler.cxx.o
/opt/local/bin/g++     -o CMakeFiles/cmTryCompileExec1946924407.dir/testCXXCompiler.cxx.o -c /Users/fengzeng/workspace/PyroTools/bamtools/build/CMakeFiles/CMakeTmp/testCXXCompiler.cxx
Linking CXX executable cmTryCompileExec1946924407
/opt/local/bin/cmake -E cmake_link_script CMakeFiles/cmTryCompileExec1946924407.dir/link.txt --verbose=1
/opt/local/bin/g++     -Wl,-search_paths_first -Wl,-headerpad_max_install_names   CMakeFiles/cmTryCompileExec1946924407.dir/testCXXCompiler.cxx.o  -o cmTryCompileExec1946924407  


Detecting CXX compiler ABI info compiled with the following output:
Change Dir: /Users/fengzeng/workspace/PyroTools/bamtools/build/CMakeFiles/CMakeTmp

Run Build Command:"/usr/bin/make" "cmTryCompileExec3135225547/fast"
/Applications/Xcode.app/Contents/Developer/usr/bin/make -f CMakeFiles/cmTryCompileExec3135225547.dir/build.make CMakeFiles/cmTryCompileExec3135225547.dir/build
/opt/local/bin/cmake -E cmake_progress_report /Users/fengzeng/workspace/PyroTools/bamtools/build/CMakeFiles/CMakeTmp/CMakeFiles 1
Building CXX object CMakeFiles/cmTryCompileExec3135225547.dir/CMakeCXXCompilerABI.cpp.o
/opt/local/bin/g++     -o CMakeFiles/cmTryCompileExec3135225547.dir/CMakeCXXCompilerABI.cpp.o -c /opt/local/share/cmake-3.0/Modules/CMakeCXXCompilerABI.cpp
Linking CXX executable cmTryCompileExec3135225547
/opt/local/bin/cmake -E cmake_link_script CMakeFiles/cmTryCompileExec3135225547.dir/link.txt --verbose=1
/opt/local/bin/g++     -Wl,-search_paths_first -Wl,-headerpad_max_install_names -v -Wl,-v CMakeFiles/cmTryCompileExec3135225547.dir/CMakeCXXCompilerABI.cpp.o  -o cmTryCompileExec3135225547   
Using built-in specs.
COLLECT_GCC=/opt/local/bin/g++
COLLECT_LTO_WRAPPER=/opt/local/libexec/gcc/x86_64-apple-darwin14/4.9.1/lto-wrapper
Target: x86_64-apple-darwin14
Configured with: /opt/local/var/macports/build/_opt_local_var_macports_sources_rsync.macports.org_release_tarballs_ports_lang_gcc49/gcc49/work/gcc-4.9.1/configure --prefix=/opt/local --build=x86_64-apple-darwin14 --enable-languages=c,c++,objc,obj-c++,lto,fortran,java --libdir=/opt/local/lib/gcc49 --includedir=/opt/local/include/gcc49 --infodir=/opt/local/share/info --mandir=/opt/local/share/man --datarootdir=/opt/local/share/gcc-4.9 --with-local-prefix=/opt/local --with-system-zlib --disable-nls --program-suffix=-mp-4.9 --with-gxx-include-dir=/opt/local/include/gcc49/c++/ --with-gmp=/opt/local --with-mpfr=/opt/local --with-mpc=/opt/local --with-cloog=/opt/local --enable-cloog-backend=isl --disable-cloog-version-check --enable-stage1-checking --disable-multilib --enable-lto --enable-libstdcxx-time --with-as=/opt/local/bin/as --with-ld=/opt/local/bin/ld --with-ar=/opt/local/bin/ar --with-bugurl=https://trac.macports.org/newticket --with-pkgversion='MacPorts gcc49 4.9.1_1'
Thread model: posix
gcc version 4.9.1 (MacPorts gcc49 4.9.1_1) 
COMPILER_PATH=/opt/local/libexec/gcc/x86_64-apple-darwin14/4.9.1/:/opt/local/libexec/gcc/x86_64-apple-darwin14/4.9.1/:/opt/local/libexec/gcc/x86_64-apple-darwin14/:/opt/local/lib/gcc49/gcc/x86_64-apple-darwin14/4.9.1/:/opt/local/lib/gcc49/gcc/x86_64-apple-darwin14/
LIBRARY_PATH=/opt/local/lib/gcc49/gcc/x86_64-apple-darwin14/4.9.1/:/opt/local/lib/gcc49/gcc/x86_64-apple-darwin14/4.9.1/../../../:/usr/lib/
COLLECT_GCC_OPTIONS='-mmacosx-version-min=10.10.0' '-v' '-o' 'cmTryCompileExec3135225547' '-shared-libgcc' '-mtune=core2'
 /opt/local/libexec/gcc/x86_64-apple-darwin14/4.9.1/collect2 -dynamic -arch x86_64 -macosx_version_min 10.10.0 -weak_reference_mismatches non-weak -o cmTryCompileExec3135225547 -L/opt/local/lib/gcc49/gcc/x86_64-apple-darwin14/4.9.1 -L/opt/local/lib/gcc49/gcc/x86_64-apple-darwin14/4.9.1/../../.. -search_paths_first -headerpad_max_install_names -v CMakeFiles/cmTryCompileExec3135225547.dir/CMakeCXXCompilerABI.cpp.o -lstdc++ -no_compact_unwind -lSystem -lgcc_ext.10.5 -lgcc -lSystem -v
collect2 version 4.9.1
/opt/local/bin/ld -dynamic -arch x86_64 -macosx_version_min 10.10.0 -weak_reference_mismatches non-weak -o cmTryCompileExec3135225547 -L/opt/local/lib/gcc49/gcc/x86_64-apple-darwin14/4.9.1 -L/opt/local/lib/gcc49/gcc/x86_64-apple-darwin14/4.9.1/../../.. -search_paths_first -headerpad_max_install_names -v CMakeFiles/cmTryCompileExec3135225547.dir/CMakeCXXCompilerABI.cpp.o -lstdc++ -no_compact_unwind -lSystem -lgcc_ext.10.5 -lgcc -lSystem -v
@(#)PROGRAM:ld  PROJECT:ld64-236.3
configured to support archs: i386 x86_64 x86_64h armv6 armv7 armv7s armv7m arm64
@(#)PROGRAM:ld  PROJECT:ld64-236.3
configured to support archs: i386 x86_64 x86_64h armv6 armv7 armv7s armv7m arm64
Library search paths:
	/opt/local/lib/gcc49/gcc/x86_64-apple-darwin14/4.9.1
	/opt/local/lib/gcc49
	/usr/lib
	/usr/local/lib
Framework search paths:
	/Library/Frameworks/
	/System/Library/Frameworks/
 /opt/local/bin/nm -n CMakeFiles/cmTryCompileExec3135225547.dir/CMakeCXXCompilerABI.cpp.o


Parsed CXX implicit link information from above output:
  link line regex: [^( *|.*[/\])(ld|([^/\]+-)?ld|collect2)[^/\]*( |$)]
  ignore line: [Change Dir: /Users/fengzeng/workspace/PyroTools/bamtools/build/CMakeFiles/CMakeTmp]
  ignore line: []
  ignore line: [Run Build Command:"/usr/bin/make" "cmTryCompileExec3135225547/fast"]
  ignore line: [/Applications/Xcode.app/Contents/Developer/usr/bin/make -f CMakeFiles/cmTryCompileExec3135225547.dir/build.make CMakeFiles/cmTryCompileExec3135225547.dir/build]
  ignore line: [/opt/local/bin/cmake -E cmake_progress_report /Users/fengzeng/workspace/PyroTools/bamtools/build/CMakeFiles/CMakeTmp/CMakeFiles 1]
  ignore line: [Building CXX object CMakeFiles/cmTryCompileExec3135225547.dir/CMakeCXXCompilerABI.cpp.o]
  ignore line: [/opt/local/bin/g++     -o CMakeFiles/cmTryCompileExec3135225547.dir/CMakeCXXCompilerABI.cpp.o -c /opt/local/share/cmake-3.0/Modules/CMakeCXXCompilerABI.cpp]
  ignore line: [Linking CXX executable cmTryCompileExec3135225547]
  ignore line: [/opt/local/bin/cmake -E cmake_link_script CMakeFiles/cmTryCompileExec3135225547.dir/link.txt --verbose=1]
  ignore line: [/opt/local/bin/g++     -Wl,-search_paths_first -Wl,-headerpad_max_install_names -v -Wl,-v CMakeFiles/cmTryCompileExec3135225547.dir/CMakeCXXCompilerABI.cpp.o  -o cmTryCompileExec3135225547   ]
  ignore line: [Using built-in specs.]
  ignore line: [COLLECT_GCC=/opt/local/bin/g++]
  ignore line: [COLLECT_LTO_WRAPPER=/opt/local/libexec/gcc/x86_64-apple-darwin14/4.9.1/lto-wrapper]
  ignore line: [Target: x86_64-apple-darwin14]
  ignore line: [Configured with: /opt/local/var/macports/build/_opt_local_var_macports_sources_rsync.macports.org_release_tarballs_ports_lang_gcc49/gcc49/work/gcc-4.9.1/configure --prefix=/opt/local --build=x86_64-apple-darwin14 --enable-languages=c,c++,objc,obj-c++,lto,fortran,java --libdir=/opt/local/lib/gcc49 --includedir=/opt/local/include/gcc49 --infodir=/opt/local/share/info --mandir=/opt/local/share/man --datarootdir=/opt/local/share/gcc-4.9 --with-local-prefix=/opt/local --with-system-zlib --disable-nls --program-suffix=-mp-4.9 --with-gxx-include-dir=/opt/local/include/gcc49/c++/ --with-gmp=/opt/local --with-mpfr=/opt/local --with-mpc=/opt/local --with-cloog=/opt/local --enable-cloog-backend=isl --disable-cloog-version-check --enable-stage1-checking --disable-multilib --enable-lto --enable-libstdcxx-time --with-as=/opt/local/bin/as --with-ld=/opt/local/bin/ld --with-ar=/opt/local/bin/ar --with-bugurl=https://trac.macports.org/newticket --with-pkgversion='MacPorts gcc49 4.9.1_1']
  ignore line: [Thread model: posix]
  ignore line: [gcc version 4.9.1 (MacPorts gcc49 4.9.1_1) ]
  ignore line: [COMPILER_PATH=/opt/local/libexec/gcc/x86_64-apple-darwin14/4.9.1/:/opt/local/libexec/gcc/x86_64-apple-darwin14/4.9.1/:/opt/local/libexec/gcc/x86_64-apple-darwin14/:/opt/local/lib/gcc49/gcc/x86_64-apple-darwin14/4.9.1/:/opt/local/lib/gcc49/gcc/x86_64-apple-darwin14/]
  ignore line: [LIBRARY_PATH=/opt/local/lib/gcc49/gcc/x86_64-apple-darwin14/4.9.1/:/opt/local/lib/gcc49/gcc/x86_64-apple-darwin14/4.9.1/../../../:/usr/lib/]
  ignore line: [COLLECT_GCC_OPTIONS='-mmacosx-version-min=10.10.0' '-v' '-o' 'cmTryCompileExec3135225547' '-shared-libgcc' '-mtune=core2']
  link line: [ /opt/local/libexec/gcc/x86_64-apple-darwin14/4.9.1/collect2 -dynamic -arch x86_64 -macosx_version_min 10.10.0 -weak_reference_mismatches non-weak -o cmTryCompileExec3135225547 -L/opt/local/lib/gcc49/gcc/x86_64-apple-darwin14/4.9.1 -L/opt/local/lib/gcc49/gcc/x86_64-apple-darwin14/4.9.1/../../.. -search_paths_first -headerpad_max_install_names -v CMakeFiles/cmTryCompileExec3135225547.dir/CMakeCXXCompilerABI.cpp.o -lstdc++ -no_compact_unwind -lSystem -lgcc_ext.10.5 -lgcc -lSystem -v]
    arg [/opt/local/libexec/gcc/x86_64-apple-darwin14/4.9.1/collect2] ==> ignore
    arg [-dynamic] ==> ignore
    arg [-arch] ==> ignore
    arg [x86_64] ==> ignore
    arg [-macosx_version_min] ==> ignore
    arg [10.10.0] ==> ignore
    arg [-weak_reference_mismatches] ==> ignore
    arg [non-weak] ==> ignore
    arg [-o] ==> ignore
    arg [cmTryCompileExec3135225547] ==> ignore
    arg [-L/opt/local/lib/gcc49/gcc/x86_64-apple-darwin14/4.9.1] ==> dir [/opt/local/lib/gcc49/gcc/x86_64-apple-darwin14/4.9.1]
    arg [-L/opt/local/lib/gcc49/gcc/x86_64-apple-darwin14/4.9.1/../../..] ==> dir [/opt/local/lib/gcc49/gcc/x86_64-apple-darwin14/4.9.1/../../..]
    arg [-search_paths_first] ==> ignore
    arg [-headerpad_max_install_names] ==> ignore
    arg [-v] ==> ignore
    arg [CMakeFiles/cmTryCompileExec3135225547.dir/CMakeCXXCompilerABI.cpp.o] ==> ignore
    arg [-lstdc++] ==> lib [stdc++]
    arg [-no_compact_unwind] ==> ignore
    arg [-lSystem] ==> lib [System]
    arg [-lgcc_ext.10.5] ==> lib [gcc_ext.10.5]
    arg [-lgcc] ==> lib [gcc]
    arg [-lSystem] ==> lib [System]
    arg [-v] ==> ignore
  Library search paths: [;/opt/local/lib/gcc49/gcc/x86_64-apple-darwin14/4.9.1;/opt/local/lib/gcc49;/usr/lib;/usr/local/lib]
  Framework search paths: [;/Library/Frameworks/;/System/Library/Frameworks/]
  remove lib [System]
  remove lib [gcc_ext.10.5]
  remove lib [gcc]
  remove lib [System]
  collapse library dir [/opt/local/lib/gcc49/gcc/x86_64-apple-darwin14/4.9.1] ==> [/opt/local/lib/gcc49/gcc/x86_64-apple-darwin14/4.9.1]
  collapse library dir [/opt/local/lib/gcc49/gcc/x86_64-apple-darwin14/4.9.1/../../..] ==> [/opt/local/lib/gcc49]
  collapse library dir [/opt/local/lib/gcc49/gcc/x86_64-apple-darwin14/4.9.1] ==> [/opt/local/lib/gcc49/gcc/x86_64-apple-darwin14/4.9.1]
  collapse library dir [/opt/local/lib/gcc49] ==> [/opt/local/lib/gcc49]
  collapse library dir [/usr/lib] ==> [/usr/lib]
  collapse library dir [/usr/local/lib] ==> [/usr/local/lib]
  collapse framework dir [/Library/Frameworks/] ==> [/Library/Frameworks]
  collapse framework dir [/System/Library/Frameworks/] ==> [/System/Library/Frameworks]
  implicit libs: [stdc++]
  implicit dirs: [/opt/local/lib/gcc49/gcc/x86_64-apple-darwin14/4.9.1;/opt/local/lib/gcc49;/usr/lib;/usr/local/lib]
  implicit fwks: [/Library/Frameworks;/System/Library/Frameworks]


