This file contains any messages produced by compilers while
running configure, to aid debugging if configure makes a mistake.

It was created by nlopt configure 2.4.2, which was
generated by GNU Autoconf 2.69.  Invocation command line was

  $ ./configure --prefix=/Users/fengzeng/workspace/PyroTools/nlopt

## --------- ##
## Platform. ##
## --------- ##

hostname = fz.local
uname -m = x86_64
uname -r = 14.0.0
uname -s = Darwin
uname -v = Darwin Kernel Version 14.0.0: Fri Sep 19 00:26:44 PDT 2014; root:xnu-2782.1.97~2/RELEASE_X86_64

/usr/bin/uname -p = i386
/bin/uname -X     = unknown

/bin/arch              = unknown
/usr/bin/arch -k       = unknown
/usr/convex/getsysinfo = unknown
/usr/bin/hostinfo      = Mach kernel version:
	 Darwin Kernel Version 14.0.0: Fri Sep 19 00:26:44 PDT 2014; root:xnu-2782.1.97~2/RELEASE_X86_64
Kernel configured for up to 2 processors.
2 processors are physically available.
2 processors are logically available.
Processor type: i486 (Intel 80486)
Processors active: 0 1
Primary memory available: 8.00 gigabytes
Default processor set: 216 tasks, 783 threads, 2 processors
Load average: 6.25, Mach factor: 0.31
/bin/machine           = unknown
/usr/bin/oslevel       = unknown
/bin/universe          = unknown

PATH: /Users/fengzeng/tool/MIRA/mira_4.0.2_darwin13.1.0_x86_64_static/bin
PATH: /Users/fengzeng/tool/SequenceAssemblers/abyss/bin
PATH: /Users/fengzeng/tool/SequenceAssemblers/Celera/wgs-8.2beta/Darwin-amd64/bin
PATH: /Users/fengzeng/tool/SequenceAssemblers/velvet
PATH: /Users/fengzeng/tool/SequenceAssemblers/MUMmer3.23
PATH: /Users/fengzeng/tool/SequenceAssemblers/IDBA/idba-1.1.1/bin
PATH: /Users/fengzeng/tool/SequenceAssemblers/SOAPtools/SOAPdenovo
PATH: /Users/fengzeng/tool/SequenceAssemblers/AMOS/amos-3.1.0/bin
PATH: /Users/fengzeng/tool/GenomeRepeatTools/rmblast/bin
PATH: /Users/fengzeng/tool/SequenceAlignmentTools/hmmer/binaries
PATH: /Users/fengzeng/tool/SequenceAlignmentTools/bwa/bwa-0.7.10
PATH: /Users/fengzeng/tool/SequenceAlignmentTools/bowtie2/bowtie2-2.2.3
PATH: /Users/fengzeng/tool/SequenceAlignmentTools/blatSrc/bin/x86_64
PATH: /Users/fengzeng/tool/GenomeRepeatTools/TandemRepeatFinder
PATH: /Users/fengzeng/tool/GenomeRepeatTools/phobos/phobos-v3.3.12-mac/bin
PATH: /Users/fengzeng/tool/SequenceUtilities/picard/bin
PATH: /Users/fengzeng/tool/SequenceUtilities/bamUtil/bin
PATH: /Users/fengzeng/tool/SequenceUtilities/USeq/Apps
PATH: /Users/fengzeng/tool/xgsutils
PATH: /Users/fengzeng/tool/SequenceUtilities/samtools/samtools-0.1.19
PATH: /Users/fengzeng/tool/SequenceUtilities/bedtools2/bin
PATH: /Users/fengzeng/tool/bamtools/bin
PATH: /Users/fengzeng/tool/ngsutils/bin
PATH: /Users/fengzeng/tool/fastx_toolkit/bin
PATH: /Users/fengzeng/tool/seqtk
PATH: /Users/fengzeng/tool/pacbio/blasr/alignment/bin
PATH: /Users/fengzeng/tool/USeq_8.7.8/Apps
PATH: /Users/fengzeng/tool/gatk
PATH: /Users/fengzeng/tool/vcftools_0.1.12a/bin
PATH: /Users/fengzeng/tool/tabix-0.2.6
PATH: /opt/local/bin
PATH: /opt/local/sbin
PATH: /opt/local/bin
PATH: /opt/local/sbin
PATH: /opt/local/bin
PATH: /opt/local/sbin
PATH: /Users/fengzeng/.rvm/gems/ruby-2.1.3/bin
PATH: /Users/fengzeng/.rvm/gems/ruby-2.1.3@global/bin
PATH: /Users/fengzeng/.rvm/rubies/ruby-2.1.3/bin
PATH: /Users/fengzeng/tool/MIRA/mira_4.0.2_darwin13.1.0_x86_64_static/bin
PATH: /Users/fengzeng/tool/SequenceAssemblers/abyss/bin
PATH: /Users/fengzeng/tool/SequenceAssemblers/Celera/wgs-8.2beta/Darwin-amd64/bin
PATH: /Users/fengzeng/tool/SequenceAssemblers/velvet
PATH: /Users/fengzeng/tool/SequenceAssemblers/MUMmer3.23
PATH: /Users/fengzeng/tool/SequenceAssemblers/IDBA/idba-1.1.1/bin
PATH: /Users/fengzeng/tool/SequenceAssemblers/SOAPtools/SOAPdenovo
PATH: /Users/fengzeng/tool/SequenceAssemblers/AMOS/amos-3.1.0/bin
PATH: /Users/fengzeng/tool/GenomeRepeatTools/rmblast/bin
PATH: /Users/fengzeng/tool/SequenceAlignmentTools/hmmer/binaries
PATH: /Users/fengzeng/tool/SequenceAlignmentTools/bwa/bwa-0.7.10
PATH: /Users/fengzeng/tool/SequenceAlignmentTools/bowtie2/bowtie2-2.2.3
PATH: /Users/fengzeng/tool/SequenceAlignmentTools/blatSrc/bin/x86_64
PATH: /Users/fengzeng/tool/GenomeRepeatTools/TandemRepeatFinder
PATH: /Users/fengzeng/tool/GenomeRepeatTools/phobos/phobos-v3.3.12-mac/bin
PATH: /Users/fengzeng/tool/SequenceUtilities/picard/bin
PATH: /Users/fengzeng/tool/SequenceUtilities/bamUtil/bin
PATH: /Users/fengzeng/tool/SequenceUtilities/USeq/Apps
PATH: /Users/fengzeng/tool/xgsutils
PATH: /Users/fengzeng/tool/SequenceUtilities/samtools/samtools-0.1.19
PATH: /Users/fengzeng/tool/SequenceUtilities/bedtools2/bin
PATH: /Users/fengzeng/tool/bamtools/bin
PATH: /Users/fengzeng/tool/ngsutils/bin
PATH: /Users/fengzeng/tool/fastx_toolkit/bin
PATH: /Users/fengzeng/tool/seqtk
PATH: /Users/fengzeng/tool/pacbio/blasr/alignment/bin
PATH: /Users/fengzeng/tool/USeq_8.7.8/Apps
PATH: /Users/fengzeng/tool/gatk
PATH: /Users/fengzeng/tool/vcftools_0.1.12a/bin
PATH: /Users/fengzeng/tool/tabix-0.2.6
PATH: /usr/local/bin
PATH: /usr/bin
PATH: /bin
PATH: /usr/sbin
PATH: /sbin
PATH: /opt/X11/bin
PATH: /usr/texbin
PATH: /Users/fengzeng/.rvm/bin


## ----------- ##
## Core tests. ##
## ----------- ##

configure:2707: checking for a BSD-compatible install
configure:2775: result: /usr/bin/install -c
configure:2786: checking whether build environment is sane
configure:2841: result: yes
configure:2992: checking for a thread-safe mkdir -p
configure:3031: result: ./install-sh -c -d
configure:3038: checking for gawk
configure:3068: result: no
configure:3038: checking for mawk
configure:3068: result: no
configure:3038: checking for nawk
configure:3068: result: no
configure:3038: checking for awk
configure:3054: found /usr/bin/awk
configure:3065: result: awk
configure:3076: checking whether make sets $(MAKE)
configure:3098: result: yes
configure:3127: checking whether make supports nested variables
configure:3144: result: yes
configure:3273: checking whether to enable maintainer-specific portions of Makefiles
configure:3282: result: no
configure:3375: checking for gcc
configure:3402: result: /opt/local/bin/gcc
configure:3631: checking for C compiler version
configure:3640: /opt/local/bin/gcc --version >&5
gcc (MacPorts gcc49 4.9.1_1) 4.9.1
Copyright (C) 2014 Free Software Foundation, Inc.
This is free software; see the source for copying conditions.  There is NO
warranty; not even for MERCHANTABILITY or FITNESS FOR A PARTICULAR PURPOSE.

configure:3651: $? = 0
configure:3640: /opt/local/bin/gcc -v >&5
Using built-in specs.
COLLECT_GCC=/opt/local/bin/gcc
COLLECT_LTO_WRAPPER=/opt/local/libexec/gcc/x86_64-apple-darwin14/4.9.1/lto-wrapper
Target: x86_64-apple-darwin14
Configured with: /opt/local/var/macports/build/_opt_local_var_macports_sources_rsync.macports.org_release_tarballs_ports_lang_gcc49/gcc49/work/gcc-4.9.1/configure --prefix=/opt/local --build=x86_64-apple-darwin14 --enable-languages=c,c++,objc,obj-c++,lto,fortran,java --libdir=/opt/local/lib/gcc49 --includedir=/opt/local/include/gcc49 --infodir=/opt/local/share/info --mandir=/opt/local/share/man --datarootdir=/opt/local/share/gcc-4.9 --with-local-prefix=/opt/local --with-system-zlib --disable-nls --program-suffix=-mp-4.9 --with-gxx-include-dir=/opt/local/include/gcc49/c++/ --with-gmp=/opt/local --with-mpfr=/opt/local --with-mpc=/opt/local --with-cloog=/opt/local --enable-cloog-backend=isl --disable-cloog-version-check --enable-stage1-checking --disable-multilib --enable-lto --enable-libstdcxx-time --with-as=/opt/local/bin/as --with-ld=/opt/local/bin/ld --with-ar=/opt/local/bin/ar --with-bugurl=https://trac.macports.org/newticket --with-pkgversion='MacPorts gcc49 4.9.1_1'
Thread model: posix
gcc version 4.9.1 (MacPorts gcc49 4.9.1_1) 
configure:3651: $? = 0
configure:3640: /opt/local/bin/gcc -V >&5
gcc: error: unrecognized command line option '-V'
gcc: fatal error: no input files
compilation terminated.
configure:3651: $? = 1
configure:3640: /opt/local/bin/gcc -qversion >&5
gcc: error: unrecognized command line option '-qversion'
gcc: fatal error: no input files
compilation terminated.
configure:3651: $? = 1
configure:3671: checking whether the C compiler works
configure:3693: /opt/local/bin/gcc    conftest.c  >&5
configure:3697: $? = 0
configure:3745: result: yes
configure:3748: checking for C compiler default output file name
configure:3750: result: a.out
configure:3756: checking for suffix of executables
configure:3763: /opt/local/bin/gcc -o conftest    conftest.c  >&5
configure:3767: $? = 0
configure:3789: result: 
configure:3811: checking whether we are cross compiling
configure:3819: /opt/local/bin/gcc -o conftest    conftest.c  >&5
configure:3823: $? = 0
configure:3830: ./conftest
configure:3834: $? = 0
configure:3849: result: no
configure:3854: checking for suffix of object files
configure:3876: /opt/local/bin/gcc -c   conftest.c >&5
configure:3880: $? = 0
configure:3901: result: o
configure:3905: checking whether we are using the GNU C compiler
configure:3924: /opt/local/bin/gcc -c   conftest.c >&5
configure:3924: $? = 0
configure:3933: result: yes
configure:3942: checking whether /opt/local/bin/gcc accepts -g
configure:3962: /opt/local/bin/gcc -c -g  conftest.c >&5
configure:3962: $? = 0
configure:4003: result: yes
configure:4020: checking for /opt/local/bin/gcc option to accept ISO C89
configure:4083: /opt/local/bin/gcc  -c -g -O2  conftest.c >&5
configure:4083: $? = 0
configure:4096: result: none needed
configure:4121: checking whether /opt/local/bin/gcc understands -c and -o together
configure:4143: /opt/local/bin/gcc -c conftest.c -o conftest2.o
configure:4146: $? = 0
configure:4143: /opt/local/bin/gcc -c conftest.c -o conftest2.o
configure:4146: $? = 0
configure:4158: result: yes
configure:4186: checking for style of include used by make
configure:4214: result: GNU
configure:4240: checking dependency style of /opt/local/bin/gcc
configure:4351: result: gcc3
configure:4370: checking for /opt/local/bin/gcc option to accept ISO C99
configure:4519: /opt/local/bin/gcc  -c -g -O2  conftest.c >&5
conftest.c:61:29: error: expected ';', ',' or ')' before 'text'
 test_restrict (ccp restrict text)
                             ^
conftest.c: In function 'main':
conftest.c:115:18: error: expected '=', ',', ';', 'asm' or '__attribute__' before 'newvar'
   char *restrict newvar = "Another string";
                  ^
conftest.c:115:18: error: 'newvar' undeclared (first use in this function)
conftest.c:115:18: note: each undeclared identifier is reported only once for each function it appears in
conftest.c:125:3: error: 'for' loop initial declarations are only allowed in C99 or C11 mode
   for (int i = 0; i < ia->datasize; ++i)
   ^
conftest.c:125:3: note: use option -std=c99, -std=gnu99, -std=c11 or -std=gnu11 to compile your code
configure:4519: $? = 1
configure: failed program was:
| /* confdefs.h */
| #define PACKAGE_NAME "nlopt"
| #define PACKAGE_TARNAME "nlopt"
| #define PACKAGE_VERSION "2.4.2"
| #define PACKAGE_STRING "nlopt 2.4.2"
| #define PACKAGE_BUGREPORT "stevenj@alum.mit.edu"
| #define PACKAGE_URL ""
| #define PACKAGE "nlopt"
| #define VERSION "2.4.2"
| /* end confdefs.h.  */
| #include <stdarg.h>
| #include <stdbool.h>
| #include <stdlib.h>
| #include <wchar.h>
| #include <stdio.h>
| 
| // Check varargs macros.  These examples are taken from C99 6.10.3.5.
| #define debug(...) fprintf (stderr, __VA_ARGS__)
| #define showlist(...) puts (#__VA_ARGS__)
| #define report(test,...) ((test) ? puts (#test) : printf (__VA_ARGS__))
| static void
| test_varargs_macros (void)
| {
|   int x = 1234;
|   int y = 5678;
|   debug ("Flag");
|   debug ("X = %d\n", x);
|   showlist (The first, second, and third items.);
|   report (x>y, "x is %d but y is %d", x, y);
| }
| 
| // Check long long types.
| #define BIG64 18446744073709551615ull
| #define BIG32 4294967295ul
| #define BIG_OK (BIG64 / BIG32 == 4294967297ull && BIG64 % BIG32 == 0)
| #if !BIG_OK
|   your preprocessor is broken;
| #endif
| #if BIG_OK
| #else
|   your preprocessor is broken;
| #endif
| static long long int bignum = -9223372036854775807LL;
| static unsigned long long int ubignum = BIG64;
| 
| struct incomplete_array
| {
|   int datasize;
|   double data[];
| };
| 
| struct named_init {
|   int number;
|   const wchar_t *name;
|   double average;
| };
| 
| typedef const char *ccp;
| 
| static inline int
| test_restrict (ccp restrict text)
| {
|   // See if C++-style comments work.
|   // Iterate through items via the restricted pointer.
|   // Also check for declarations in for loops.
|   for (unsigned int i = 0; *(text+i) != '\0'; ++i)
|     continue;
|   return 0;
| }
| 
| // Check varargs and va_copy.
| static void
| test_varargs (const char *format, ...)
| {
|   va_list args;
|   va_start (args, format);
|   va_list args_copy;
|   va_copy (args_copy, args);
| 
|   const char *str;
|   int number;
|   float fnumber;
| 
|   while (*format)
|     {
|       switch (*format++)
| 	{
| 	case 's': // string
| 	  str = va_arg (args_copy, const char *);
| 	  break;
| 	case 'd': // int
| 	  number = va_arg (args_copy, int);
| 	  break;
| 	case 'f': // float
| 	  fnumber = va_arg (args_copy, double);
| 	  break;
| 	default:
| 	  break;
| 	}
|     }
|   va_end (args_copy);
|   va_end (args);
| }
| 
| int
| main ()
| {
| 
|   // Check bool.
|   _Bool success = false;
| 
|   // Check restrict.
|   if (test_restrict ("String literal") == 0)
|     success = true;
|   char *restrict newvar = "Another string";
| 
|   // Check varargs.
|   test_varargs ("s, d' f .", "string", 65, 34.234);
|   test_varargs_macros ();
| 
|   // Check flexible array members.
|   struct incomplete_array *ia =
|     malloc (sizeof (struct incomplete_array) + (sizeof (double) * 10));
|   ia->datasize = 10;
|   for (int i = 0; i < ia->datasize; ++i)
|     ia->data[i] = i * 1.234;
| 
|   // Check named initializers.
|   struct named_init ni = {
|     .number = 34,
|     .name = L"Test wide string",
|     .average = 543.34343,
|   };
| 
|   ni.number = 58;
| 
|   int dynamic_array[ni.number];
|   dynamic_array[ni.number - 1] = 543;
| 
|   // work around unused variable warnings
|   return (!success || bignum == 0LL || ubignum == 0uLL || newvar[0] == 'x'
| 	  || dynamic_array[ni.number - 1] != 543);
| 
|   ;
|   return 0;
| }
configure:4519: /opt/local/bin/gcc -std=gnu99 -c -g -O2  conftest.c >&5
configure:4519: $? = 0
configure:4539: result: -std=gnu99
configure:4640: checking for /opt/local/bin/gcc -std=gnu99 option to accept ISO Standard C
configure:4654: result: -std=gnu99
configure:4659: checking whether ln -s works
configure:4663: result: yes
configure:4670: checking whether make sets $(MAKE)
configure:4692: result: yes
configure:4705: checking build system type
configure:4719: result: x86_64-apple-darwin14.0.0
configure:4739: checking host system type
configure:4752: result: x86_64-apple-darwin14.0.0
configure:5121: checking how to print strings
configure:5148: result: printf
configure:5169: checking for a sed that does not truncate output
configure:5233: result: /usr/bin/sed
configure:5251: checking for grep that handles long lines and -e
configure:5309: result: /usr/bin/grep
configure:5314: checking for egrep
configure:5376: result: /usr/bin/grep -E
configure:5381: checking for fgrep
configure:5443: result: /usr/bin/grep -F
configure:5478: checking for ld used by /opt/local/bin/gcc -std=gnu99
configure:5545: result: /opt/local/bin/ld
configure:5552: checking if the linker (/opt/local/bin/ld) is GNU ld
configure:5567: result: no
configure:5579: checking for BSD- or MS-compatible name lister (nm)
configure:5628: result: /opt/local/bin/nm
configure:5758: checking the name lister (/opt/local/bin/nm) interface
configure:5765: /opt/local/bin/gcc -std=gnu99 -c -g -O2  conftest.c >&5
configure:5768: /opt/local/bin/nm "conftest.o"
configure:5771: output
00000000000001a4 S _some_variable
configure:5778: result: BSD nm
configure:5782: checking the maximum length of command line arguments
configure:5912: result: 196608
configure:5929: checking whether the shell understands some XSI constructs
configure:5939: result: yes
configure:5943: checking whether the shell understands "+="
configure:5949: result: yes
configure:5984: checking how to convert x86_64-apple-darwin14.0.0 file names to x86_64-apple-darwin14.0.0 format
configure:6024: result: func_convert_file_noop
configure:6031: checking how to convert x86_64-apple-darwin14.0.0 file names to toolchain format
configure:6051: result: func_convert_file_noop
configure:6058: checking for /opt/local/bin/ld option to reload object files
configure:6065: result: -r
configure:6139: checking for objdump
configure:6166: result: objdump
configure:6195: checking how to recognize dependent libraries
configure:6397: result: pass_all
configure:6482: checking for dlltool
configure:6509: result: dlltool
configure:6539: checking how to associate runtime and link libraries
configure:6566: result: printf %s\n
configure:6627: checking for ar
configure:6643: found /opt/local/bin/ar
configure:6654: result: ar
configure:6691: checking for archiver @FILE support
configure:6708: /opt/local/bin/gcc -std=gnu99 -c -g -O2  conftest.c >&5
configure:6708: $? = 0
configure:6711: ar cru libconftest.a @conftest.lst >&5
ar: @conftest.lst: No such file or directory
configure:6714: $? = 1
configure:6734: result: no
configure:6792: checking for strip
configure:6808: found /opt/local/bin/strip
configure:6819: result: strip
configure:6891: checking for ranlib
configure:6907: found /opt/local/bin/ranlib
configure:6918: result: ranlib
configure:7020: checking command to parse /opt/local/bin/nm output from /opt/local/bin/gcc -std=gnu99 object
configure:7140: /opt/local/bin/gcc -std=gnu99 -c -g -O2  conftest.c >&5
configure:7143: $? = 0
configure:7147: /opt/local/bin/nm conftest.o \| sed -n -e 's/^.*[ ]\([BCDEGRST][BCDEGRST]*\)[ ][ ]*\([_A-Za-z][_A-Za-z0-9]*\)$/\1 \2 \2/p' | sed '/ __gnu_lto/d' \> conftest.nm
configure:7150: $? = 0
cannot find nm_test_var in conftest.nm
configure:7140: /opt/local/bin/gcc -std=gnu99 -c -g -O2  conftest.c >&5
configure:7143: $? = 0
configure:7147: /opt/local/bin/nm conftest.o \| sed -n -e 's/^.*[ ]\([BCDEGRST][BCDEGRST]*\)[ ][ ]*_\([_A-Za-z][_A-Za-z0-9]*\)$/\1 _\2 \2/p' | sed '/ __gnu_lto/d' \> conftest.nm
configure:7150: $? = 0
configure:7216: /opt/local/bin/gcc -std=gnu99 -o conftest -g -O2   conftest.c conftstm.o >&5
configure:7219: $? = 0
configure:7257: result: ok
configure:7294: checking for sysroot
configure:7324: result: no
configure:7580: checking for mt
configure:7610: result: no
configure:7630: checking if : is a manifest tool
configure:7636: : '-?'
configure:7644: result: no
configure:7700: checking for dsymutil
configure:7716: found /usr/bin/dsymutil
configure:7727: result: dsymutil
configure:7792: checking for nmedit
configure:7808: found /opt/local/bin/nmedit
configure:7819: result: nmedit
configure:7884: checking for lipo
configure:7900: found /opt/local/bin/lipo
configure:7911: result: lipo
configure:7976: checking for otool
configure:7992: found /opt/local/bin/otool
configure:8003: result: otool
configure:8068: checking for otool64
configure:8098: result: no
configure:8143: checking for -single_module linker flag
/opt/local/bin/gcc -std=gnu99 -g -O2  -o libconftest.dylib -dynamiclib -Wl,-single_module conftest.c
configure:8176: result: yes
configure:8179: checking for -exported_symbols_list linker flag
configure:8199: /opt/local/bin/gcc -std=gnu99 -o conftest -g -O2   -Wl,-exported_symbols_list,conftest.sym conftest.c  >&5
configure:8199: $? = 0
configure:8209: result: yes
configure:8212: checking for -force_load linker flag
/opt/local/bin/gcc -std=gnu99 -g -O2 -c -o conftest.o conftest.c
ar cru libconftest.a conftest.o
ranlib libconftest.a
/opt/local/bin/gcc -std=gnu99 -g -O2  -o conftest conftest.c -Wl,-force_load,./libconftest.a
configure:8244: result: yes
configure:8286: checking how to run the C preprocessor
configure:8317: /opt/local/bin/gcc -std=gnu99 -E  conftest.c
configure:8317: $? = 0
configure:8331: /opt/local/bin/gcc -std=gnu99 -E  conftest.c
conftest.c:11:28: fatal error: ac_nonexistent.h: No such file or directory
 #include <ac_nonexistent.h>
                            ^
compilation terminated.
configure:8331: $? = 1
configure: failed program was:
| /* confdefs.h */
| #define PACKAGE_NAME "nlopt"
| #define PACKAGE_TARNAME "nlopt"
| #define PACKAGE_VERSION "2.4.2"
| #define PACKAGE_STRING "nlopt 2.4.2"
| #define PACKAGE_BUGREPORT "stevenj@alum.mit.edu"
| #define PACKAGE_URL ""
| #define PACKAGE "nlopt"
| #define VERSION "2.4.2"
| /* end confdefs.h.  */
| #include <ac_nonexistent.h>
configure:8356: result: /opt/local/bin/gcc -std=gnu99 -E
configure:8376: /opt/local/bin/gcc -std=gnu99 -E  conftest.c
configure:8376: $? = 0
configure:8390: /opt/local/bin/gcc -std=gnu99 -E  conftest.c
conftest.c:11:28: fatal error: ac_nonexistent.h: No such file or directory
 #include <ac_nonexistent.h>
                            ^
compilation terminated.
configure:8390: $? = 1
configure: failed program was:
| /* confdefs.h */
| #define PACKAGE_NAME "nlopt"
| #define PACKAGE_TARNAME "nlopt"
| #define PACKAGE_VERSION "2.4.2"
| #define PACKAGE_STRING "nlopt 2.4.2"
| #define PACKAGE_BUGREPORT "stevenj@alum.mit.edu"
| #define PACKAGE_URL ""
| #define PACKAGE "nlopt"
| #define VERSION "2.4.2"
| /* end confdefs.h.  */
| #include <ac_nonexistent.h>
configure:8419: checking for ANSI C header files
configure:8439: /opt/local/bin/gcc -std=gnu99 -c -g -O2  conftest.c >&5
configure:8439: $? = 0
configure:8512: /opt/local/bin/gcc -std=gnu99 -o conftest -g -O2   conftest.c  >&5
configure:8512: $? = 0
configure:8512: ./conftest
configure:8512: $? = 0
configure:8523: result: yes
configure:8536: checking for sys/types.h
configure:8536: /opt/local/bin/gcc -std=gnu99 -c -g -O2  conftest.c >&5
configure:8536: $? = 0
configure:8536: result: yes
configure:8536: checking for sys/stat.h
configure:8536: /opt/local/bin/gcc -std=gnu99 -c -g -O2  conftest.c >&5
configure:8536: $? = 0
configure:8536: result: yes
configure:8536: checking for stdlib.h
configure:8536: /opt/local/bin/gcc -std=gnu99 -c -g -O2  conftest.c >&5
configure:8536: $? = 0
configure:8536: result: yes
configure:8536: checking for string.h
configure:8536: /opt/local/bin/gcc -std=gnu99 -c -g -O2  conftest.c >&5
configure:8536: $? = 0
configure:8536: result: yes
configure:8536: checking for memory.h
configure:8536: /opt/local/bin/gcc -std=gnu99 -c -g -O2  conftest.c >&5
configure:8536: $? = 0
configure:8536: result: yes
configure:8536: checking for strings.h
configure:8536: /opt/local/bin/gcc -std=gnu99 -c -g -O2  conftest.c >&5
configure:8536: $? = 0
configure:8536: result: yes
configure:8536: checking for inttypes.h
configure:8536: /opt/local/bin/gcc -std=gnu99 -c -g -O2  conftest.c >&5
configure:8536: $? = 0
configure:8536: result: yes
configure:8536: checking for stdint.h
configure:8536: /opt/local/bin/gcc -std=gnu99 -c -g -O2  conftest.c >&5
configure:8536: $? = 0
configure:8536: result: yes
configure:8536: checking for unistd.h
configure:8536: /opt/local/bin/gcc -std=gnu99 -c -g -O2  conftest.c >&5
configure:8536: $? = 0
configure:8536: result: yes
configure:8550: checking for dlfcn.h
configure:8550: /opt/local/bin/gcc -std=gnu99 -c -g -O2  conftest.c >&5
configure:8550: $? = 0
configure:8550: result: yes
configure:8724: checking for objdir
configure:8739: result: .libs
configure:9010: checking if /opt/local/bin/gcc -std=gnu99 supports -fno-rtti -fno-exceptions
configure:9028: /opt/local/bin/gcc -std=gnu99 -c -g -O2  -fno-rtti -fno-exceptions conftest.c >&5
cc1: warning: command line option '-fno-rtti' is valid for C++/ObjC++ but not for C
configure:9032: $? = 0
configure:9045: result: no
configure:9372: checking for /opt/local/bin/gcc -std=gnu99 option to produce PIC
configure:9379: result: -fno-common -DPIC
configure:9387: checking if /opt/local/bin/gcc -std=gnu99 PIC flag -fno-common -DPIC works
configure:9405: /opt/local/bin/gcc -std=gnu99 -c -g -O2  -fno-common -DPIC -DPIC conftest.c >&5
configure:9409: $? = 0
configure:9422: result: yes
configure:9451: checking if /opt/local/bin/gcc -std=gnu99 static flag -static works
configure:9479: result: no
configure:9494: checking if /opt/local/bin/gcc -std=gnu99 supports -c -o file.o
configure:9515: /opt/local/bin/gcc -std=gnu99 -c -g -O2  -o out/conftest2.o conftest.c >&5
configure:9519: $? = 0
configure:9541: result: yes
configure:9549: checking if /opt/local/bin/gcc -std=gnu99 supports -c -o file.o
configure:9596: result: yes
configure:9629: checking whether the /opt/local/bin/gcc -std=gnu99 linker (/opt/local/bin/ld) supports shared libraries
configure:10782: result: yes
configure:11022: checking dynamic linker characteristics
configure:11755: result: darwin14.0.0 dyld
configure:11862: checking how to hardcode library paths into programs
configure:11887: result: immediate
configure:12427: checking whether stripping libraries is possible
configure:12441: result: yes
configure:12467: checking if libtool supports shared libraries
configure:12469: result: yes
configure:12472: checking whether to build shared libraries
configure:12493: result: no
configure:12496: checking whether to build static libraries
configure:12500: result: yes
configure:12667: checking for C++ compiler version
configure:12676: /opt/local/bin/g++ --version >&5
g++ (MacPorts gcc49 4.9.1_1) 4.9.1
Copyright (C) 2014 Free Software Foundation, Inc.
This is free software; see the source for copying conditions.  There is NO
warranty; not even for MERCHANTABILITY or FITNESS FOR A PARTICULAR PURPOSE.

configure:12687: $? = 0
configure:12676: /opt/local/bin/g++ -v >&5
Using built-in specs.
COLLECT_GCC=/opt/local/bin/g++
COLLECT_LTO_WRAPPER=/opt/local/libexec/gcc/x86_64-apple-darwin14/4.9.1/lto-wrapper
Target: x86_64-apple-darwin14
Configured with: /opt/local/var/macports/build/_opt_local_var_macports_sources_rsync.macports.org_release_tarballs_ports_lang_gcc49/gcc49/work/gcc-4.9.1/configure --prefix=/opt/local --build=x86_64-apple-darwin14 --enable-languages=c,c++,objc,obj-c++,lto,fortran,java --libdir=/opt/local/lib/gcc49 --includedir=/opt/local/include/gcc49 --infodir=/opt/local/share/info --mandir=/opt/local/share/man --datarootdir=/opt/local/share/gcc-4.9 --with-local-prefix=/opt/local --with-system-zlib --disable-nls --program-suffix=-mp-4.9 --with-gxx-include-dir=/opt/local/include/gcc49/c++/ --with-gmp=/opt/local --with-mpfr=/opt/local --with-mpc=/opt/local --with-cloog=/opt/local --enable-cloog-backend=isl --disable-cloog-version-check --enable-stage1-checking --disable-multilib --enable-lto --enable-libstdcxx-time --with-as=/opt/local/bin/as --with-ld=/opt/local/bin/ld --with-ar=/opt/local/bin/ar --with-bugurl=https://trac.macports.org/newticket --with-pkgversion='MacPorts gcc49 4.9.1_1'
Thread model: posix
gcc version 4.9.1 (MacPorts gcc49 4.9.1_1) 
configure:12687: $? = 0
configure:12676: /opt/local/bin/g++ -V >&5
g++: error: unrecognized command line option '-V'
g++: fatal error: no input files
compilation terminated.
configure:12687: $? = 1
configure:12676: /opt/local/bin/g++ -qversion >&5
g++: error: unrecognized command line option '-qversion'
g++: fatal error: no input files
compilation terminated.
configure:12687: $? = 1
configure:12691: checking whether we are using the GNU C++ compiler
configure:12710: /opt/local/bin/g++ -c   conftest.cpp >&5
configure:12710: $? = 0
configure:12719: result: yes
configure:12728: checking whether /opt/local/bin/g++ accepts -g
configure:12748: /opt/local/bin/g++ -c -g  conftest.cpp >&5
configure:12748: $? = 0
configure:12789: result: yes
configure:12814: checking dependency style of /opt/local/bin/g++
configure:12925: result: gcc3
configure:12958: checking how to run the C++ preprocessor
configure:12985: /opt/local/bin/g++ -E  conftest.cpp
configure:12985: $? = 0
configure:12999: /opt/local/bin/g++ -E  conftest.cpp
conftest.cpp:23:28: fatal error: ac_nonexistent.h: No such file or directory
 #include <ac_nonexistent.h>
                            ^
compilation terminated.
configure:12999: $? = 1
configure: failed program was:
| /* confdefs.h */
| #define PACKAGE_NAME "nlopt"
| #define PACKAGE_TARNAME "nlopt"
| #define PACKAGE_VERSION "2.4.2"
| #define PACKAGE_STRING "nlopt 2.4.2"
| #define PACKAGE_BUGREPORT "stevenj@alum.mit.edu"
| #define PACKAGE_URL ""
| #define PACKAGE "nlopt"
| #define VERSION "2.4.2"
| #define STDC_HEADERS 1
| #define HAVE_SYS_TYPES_H 1
| #define HAVE_SYS_STAT_H 1
| #define HAVE_STDLIB_H 1
| #define HAVE_STRING_H 1
| #define HAVE_MEMORY_H 1
| #define HAVE_STRINGS_H 1
| #define HAVE_INTTYPES_H 1
| #define HAVE_STDINT_H 1
| #define HAVE_UNISTD_H 1
| #define HAVE_DLFCN_H 1
| #define LT_OBJDIR ".libs/"
| /* end confdefs.h.  */
| #include <ac_nonexistent.h>
configure:13024: result: /opt/local/bin/g++ -E
configure:13044: /opt/local/bin/g++ -E  conftest.cpp
configure:13044: $? = 0
configure:13058: /opt/local/bin/g++ -E  conftest.cpp
conftest.cpp:23:28: fatal error: ac_nonexistent.h: No such file or directory
 #include <ac_nonexistent.h>
                            ^
compilation terminated.
configure:13058: $? = 1
configure: failed program was:
| /* confdefs.h */
| #define PACKAGE_NAME "nlopt"
| #define PACKAGE_TARNAME "nlopt"
| #define PACKAGE_VERSION "2.4.2"
| #define PACKAGE_STRING "nlopt 2.4.2"
| #define PACKAGE_BUGREPORT "stevenj@alum.mit.edu"
| #define PACKAGE_URL ""
| #define PACKAGE "nlopt"
| #define VERSION "2.4.2"
| #define STDC_HEADERS 1
| #define HAVE_SYS_TYPES_H 1
| #define HAVE_SYS_STAT_H 1
| #define HAVE_STDLIB_H 1
| #define HAVE_STRING_H 1
| #define HAVE_MEMORY_H 1
| #define HAVE_STRINGS_H 1
| #define HAVE_INTTYPES_H 1
| #define HAVE_STDINT_H 1
| #define HAVE_UNISTD_H 1
| #define HAVE_DLFCN_H 1
| #define LT_OBJDIR ".libs/"
| /* end confdefs.h.  */
| #include <ac_nonexistent.h>
configure:13227: checking for ld used by /opt/local/bin/g++
configure:13294: result: /opt/local/bin/ld
configure:13301: checking if the linker (/opt/local/bin/ld) is GNU ld
configure:13316: result: no
configure:13371: checking whether the /opt/local/bin/g++ linker (/opt/local/bin/ld) supports shared libraries
configure:14376: result: yes
configure:14412: /opt/local/bin/g++ -c -g -O2  conftest.cpp >&5
configure:14415: $? = 0
configure:14935: checking for /opt/local/bin/g++ option to produce PIC
configure:14942: result: -fno-common -DPIC
configure:14950: checking if /opt/local/bin/g++ PIC flag -fno-common -DPIC works
configure:14968: /opt/local/bin/g++ -c -g -O2  -fno-common -DPIC -DPIC conftest.cpp >&5
configure:14972: $? = 0
configure:14985: result: yes
configure:15008: checking if /opt/local/bin/g++ static flag -static works
configure:15036: result: no
configure:15048: checking if /opt/local/bin/g++ supports -c -o file.o
configure:15069: /opt/local/bin/g++ -c -g -O2  -o out/conftest2.o conftest.cpp >&5
configure:15073: $? = 0
configure:15095: result: yes
configure:15100: checking if /opt/local/bin/g++ supports -c -o file.o
configure:15147: result: yes
configure:15177: checking whether the /opt/local/bin/g++ linker (/opt/local/bin/ld) supports shared libraries
configure:15213: result: yes
configure:15354: checking dynamic linker characteristics
configure:16021: result: darwin14.0.0 dyld
configure:16074: checking how to hardcode library paths into programs
configure:16099: result: immediate
configure:16162: checking for ANSI C header files
configure:16266: result: yes
configure:16274: checking whether time.h and sys/time.h may both be included
configure:16294: /opt/local/bin/gcc -std=gnu99 -c -g -O2  conftest.c >&5
configure:16294: $? = 0
configure:16301: result: yes
configure:16312: checking for unistd.h
configure:16312: result: yes
configure:16312: checking getopt.h usability
configure:16312: /opt/local/bin/gcc -std=gnu99 -c -g -O2  conftest.c >&5
configure:16312: $? = 0
configure:16312: result: yes
configure:16312: checking getopt.h presence
configure:16312: /opt/local/bin/gcc -std=gnu99 -E  conftest.c
configure:16312: $? = 0
configure:16312: result: yes
configure:16312: checking for getopt.h
configure:16312: result: yes
configure:16312: checking for stdint.h
configure:16312: result: yes
configure:16322: checking for an ANSI C-conforming const
configure:16388: /opt/local/bin/gcc -std=gnu99 -c -g -O2  conftest.c >&5
configure:16388: $? = 0
configure:16395: result: yes
configure:16403: checking for inline
configure:16419: /opt/local/bin/gcc -std=gnu99 -c -g -O2  conftest.c >&5
configure:16419: $? = 0
configure:16427: result: inline
configure:16453: checking for C thread-local keyword
configure:16481: /opt/local/bin/gcc -std=gnu99 -c -g -O2  conftest.c >&5
configure:16481: $? = 0
configure:16495: result: __thread
configure:16516: checking size of unsigned int
configure:16521: /opt/local/bin/gcc -std=gnu99 -o conftest -g -O2   conftest.c  >&5
configure:16521: $? = 0
configure:16521: ./conftest
configure:16521: $? = 0
configure:16535: result: 4
configure:16549: checking size of unsigned long
configure:16554: /opt/local/bin/gcc -std=gnu99 -o conftest -g -O2   conftest.c  >&5
configure:16554: $? = 0
configure:16554: ./conftest
configure:16554: $? = 0
configure:16568: result: 8
configure:16578: checking for uint32_t
configure:16578: /opt/local/bin/gcc -std=gnu99 -c -g -O2  conftest.c >&5
configure:16578: $? = 0
configure:16578: /opt/local/bin/gcc -std=gnu99 -c -g -O2  conftest.c >&5
conftest.c: In function 'main':
conftest.c:71:23: error: expected expression before ')' token
 if (sizeof ((uint32_t)))
                       ^
configure:16578: $? = 1
configure: failed program was:
| /* confdefs.h */
| #define PACKAGE_NAME "nlopt"
| #define PACKAGE_TARNAME "nlopt"
| #define PACKAGE_VERSION "2.4.2"
| #define PACKAGE_STRING "nlopt 2.4.2"
| #define PACKAGE_BUGREPORT "stevenj@alum.mit.edu"
| #define PACKAGE_URL ""
| #define PACKAGE "nlopt"
| #define VERSION "2.4.2"
| #define STDC_HEADERS 1
| #define HAVE_SYS_TYPES_H 1
| #define HAVE_SYS_STAT_H 1
| #define HAVE_STDLIB_H 1
| #define HAVE_STRING_H 1
| #define HAVE_MEMORY_H 1
| #define HAVE_STRINGS_H 1
| #define HAVE_INTTYPES_H 1
| #define HAVE_STDINT_H 1
| #define HAVE_UNISTD_H 1
| #define HAVE_DLFCN_H 1
| #define LT_OBJDIR ".libs/"
| #define STDC_HEADERS 1
| #define TIME_WITH_SYS_TIME 1
| #define HAVE_UNISTD_H 1
| #define HAVE_GETOPT_H 1
| #define HAVE_STDINT_H 1
| #define THREADLOCAL __thread
| #define SIZEOF_UNSIGNED_INT 4
| #define SIZEOF_UNSIGNED_LONG 8
| /* end confdefs.h.  */
| #include <stdio.h>
| #ifdef HAVE_SYS_TYPES_H
| # include <sys/types.h>
| #endif
| #ifdef HAVE_SYS_STAT_H
| # include <sys/stat.h>
| #endif
| #ifdef STDC_HEADERS
| # include <stdlib.h>
| # include <stddef.h>
| #else
| # ifdef HAVE_STDLIB_H
| #  include <stdlib.h>
| # endif
| #endif
| #ifdef HAVE_STRING_H
| # if !defined STDC_HEADERS && defined HAVE_MEMORY_H
| #  include <memory.h>
| # endif
| # include <string.h>
| #endif
| #ifdef HAVE_STRINGS_H
| # include <strings.h>
| #endif
| #ifdef HAVE_INTTYPES_H
| # include <inttypes.h>
| #endif
| #ifdef HAVE_STDINT_H
| # include <stdint.h>
| #endif
| #ifdef HAVE_UNISTD_H
| # include <unistd.h>
| #endif
| #ifdef HAVE_STDINT_H
| #  include <stdint.h>
| #endif
| 
| int
| main ()
| {
| if (sizeof ((uint32_t)))
| 	    return 0;
|   ;
|   return 0;
| }
configure:16578: result: yes
configure:16593: checking for sin in -lm
configure:16618: /opt/local/bin/gcc -std=gnu99 -o conftest -g -O2   conftest.c -lm   >&5
conftest.c:39:6: warning: conflicting types for built-in function 'sin'
 char sin ();
      ^
configure:16618: $? = 0
configure:16627: result: yes
configure:16641: checking for BSDgettimeofday
configure:16641: /opt/local/bin/gcc -std=gnu99 -o conftest -g -O2   conftest.c -lm  >&5
Undefined symbols for architecture x86_64:
  "_BSDgettimeofday", referenced from:
      _main in ccU6ba01.o
ld: symbol(s) not found for architecture x86_64
collect2: error: ld returned 1 exit status
configure:16641: $? = 1
configure: failed program was:
| /* confdefs.h */
| #define PACKAGE_NAME "nlopt"
| #define PACKAGE_TARNAME "nlopt"
| #define PACKAGE_VERSION "2.4.2"
| #define PACKAGE_STRING "nlopt 2.4.2"
| #define PACKAGE_BUGREPORT "stevenj@alum.mit.edu"
| #define PACKAGE_URL ""
| #define PACKAGE "nlopt"
| #define VERSION "2.4.2"
| #define STDC_HEADERS 1
| #define HAVE_SYS_TYPES_H 1
| #define HAVE_SYS_STAT_H 1
| #define HAVE_STDLIB_H 1
| #define HAVE_STRING_H 1
| #define HAVE_MEMORY_H 1
| #define HAVE_STRINGS_H 1
| #define HAVE_INTTYPES_H 1
| #define HAVE_STDINT_H 1
| #define HAVE_UNISTD_H 1
| #define HAVE_DLFCN_H 1
| #define LT_OBJDIR ".libs/"
| #define STDC_HEADERS 1
| #define TIME_WITH_SYS_TIME 1
| #define HAVE_UNISTD_H 1
| #define HAVE_GETOPT_H 1
| #define HAVE_STDINT_H 1
| #define THREADLOCAL __thread
| #define SIZEOF_UNSIGNED_INT 4
| #define SIZEOF_UNSIGNED_LONG 8
| #define HAVE_UINT32_T 1
| #define HAVE_LIBM 1
| /* end confdefs.h.  */
| /* Define BSDgettimeofday to an innocuous variant, in case <limits.h> declares BSDgettimeofday.
|    For example, HP-UX 11i <limits.h> declares gettimeofday.  */
| #define BSDgettimeofday innocuous_BSDgettimeofday
| 
| /* System header to define __stub macros and hopefully few prototypes,
|     which can conflict with char BSDgettimeofday (); below.
|     Prefer <limits.h> to <assert.h> if __STDC__ is defined, since
|     <limits.h> exists even on freestanding compilers.  */
| 
| #ifdef __STDC__
| # include <limits.h>
| #else
| # include <assert.h>
| #endif
| 
| #undef BSDgettimeofday
| 
| /* Override any GCC internal prototype to avoid an error.
|    Use char because int might match the return type of a GCC
|    builtin and then its argument prototype would still apply.  */
| #ifdef __cplusplus
| extern "C"
| #endif
| char BSDgettimeofday ();
| /* The GNU C library defines this for functions which it implements
|     to always fail with ENOSYS.  Some functions are actually named
|     something starting with __ and the normal name is an alias.  */
| #if defined __stub_BSDgettimeofday || defined __stub___BSDgettimeofday
| choke me
| #endif
| 
| int
| main ()
| {
| return BSDgettimeofday ();
|   ;
|   return 0;
| }
configure:16641: result: no
configure:16641: checking for gettimeofday
configure:16641: /opt/local/bin/gcc -std=gnu99 -o conftest -g -O2   conftest.c -lm  >&5
configure:16641: $? = 0
configure:16641: result: yes
configure:16641: checking for time
configure:16641: /opt/local/bin/gcc -std=gnu99 -o conftest -g -O2   conftest.c -lm  >&5
configure:16641: $? = 0
configure:16641: result: yes
configure:16641: checking for qsort_r
configure:16641: /opt/local/bin/gcc -std=gnu99 -o conftest -g -O2   conftest.c -lm  >&5
configure:16641: $? = 0
configure:16641: result: yes
configure:16641: checking for getpid
configure:16641: /opt/local/bin/gcc -std=gnu99 -o conftest -g -O2   conftest.c -lm  >&5
configure:16641: $? = 0
configure:16641: result: yes
configure:16651: checking for gettid syscall
configure:16666: /opt/local/bin/gcc -std=gnu99 -o conftest -g -O2   conftest.c -lm  >&5
configure:16666: $? = 0
configure:16678: result: yes
configure:16681: checking for isnan
configure:16695: /opt/local/bin/gcc -std=gnu99 -o conftest -g -O2   conftest.c -lm  >&5
configure:16695: $? = 0
configure:16707: result: yes
configure:16710: checking for isinf
configure:16724: /opt/local/bin/gcc -std=gnu99 -o conftest -g -O2   conftest.c -lm  >&5
configure:16724: $? = 0
configure:16736: result: yes
configure:16739: checking for copysign
configure:16753: /opt/local/bin/gcc -std=gnu99 -o conftest -g -O2   conftest.c -lm  >&5
configure:16753: $? = 0
configure:16765: result: yes
configure:16787: WARNING: Python and Guile wrappers require --enable-shared; disabling
configure:17336: checking for mkoctfile
configure:17366: result: no
configure:17379: WARNING: can't find mkoctfile: won't be able to compile GNU Octave plugin
configure:17569: checking for mex
configure:17585: found /usr/texbin/mex
configure:17596: result: mex
configure:17615: checking for extension of compiled mex files
This is pdfTeXk, Version 3.1415926-1.40.9 (Web2C 7.5.7)
 %&-line parsing enabled.
entering extended mode
(./conftest.c
This is MeX  Version 1.05  18 XII 1993  (B. Jackowski & M. Ry\'cko)
! You can't use `macro parameter character #' in vertical mode.
l.1 #
     include <mex.h>
? 
! Emergency stop.
l.1 #
     include <mex.h>
No pages of output.
Transcript written on conftest.log.
configure:17671: WARNING: mex failed to compile a simple file; won't compile Matlab plugin
configure:17721: checking for working HUGE_VAL
configure:17734: /opt/local/bin/gcc -std=gnu99 -c -g -O2  conftest.c >&5
configure:17734: $? = 0
configure:17735: result: ok
configure:17933: checking that generated files are newer than configure
configure:17939: result: done
configure:17990: creating ./config.status

## ---------------------- ##
## Running config.status. ##
## ---------------------- ##

This file was extended by nlopt config.status 2.4.2, which was
generated by GNU Autoconf 2.69.  Invocation command line was

  CONFIG_FILES    = 
  CONFIG_HEADERS  = 
  CONFIG_LINKS    = 
  CONFIG_COMMANDS = 
  $ ./config.status 

on fz.local

config.status:1226: creating Makefile
config.status:1226: creating nlopt.pc
config.status:1226: creating api/Makefile
config.status:1226: creating util/Makefile
config.status:1226: creating octave/Makefile
config.status:1226: creating direct/Makefile
config.status:1226: creating cdirect/Makefile
config.status:1226: creating stogo/Makefile
config.status:1226: creating praxis/Makefile
config.status:1226: creating luksan/Makefile
config.status:1226: creating crs/Makefile
config.status:1226: creating mlsl/Makefile
config.status:1226: creating mma/Makefile
config.status:1226: creating cobyla/Makefile
config.status:1226: creating newuoa/Makefile
config.status:1226: creating neldermead/Makefile
config.status:1226: creating auglag/Makefile
config.status:1226: creating bobyqa/Makefile
config.status:1226: creating isres/Makefile
config.status:1226: creating slsqp/Makefile
config.status:1226: creating esch/Makefile
config.status:1226: creating test/Makefile
config.status:1226: creating swig/Makefile
config.status:1226: creating swig/nlopt.scm
config.status:1226: creating config.h
config.status:1407: config.h is unchanged
config.status:1455: executing depfiles commands
config.status:1455: executing libtool commands

## ---------------- ##
## Cache variables. ##
## ---------------- ##

ac_cv_build=x86_64-apple-darwin14.0.0
ac_cv_c_compiler_gnu=yes
ac_cv_c_const=yes
ac_cv_c_inline=inline
ac_cv_cxx_compiler_gnu=yes
ac_cv_env_CCC_set=
ac_cv_env_CCC_value=
ac_cv_env_CC_set=set
ac_cv_env_CC_value=/opt/local/bin/gcc
ac_cv_env_CFLAGS_set=
ac_cv_env_CFLAGS_value=
ac_cv_env_CPPFLAGS_set=
ac_cv_env_CPPFLAGS_value=
ac_cv_env_CPP_set=
ac_cv_env_CPP_value=
ac_cv_env_CXXCPP_set=
ac_cv_env_CXXCPP_value=
ac_cv_env_CXXFLAGS_set=
ac_cv_env_CXXFLAGS_value=
ac_cv_env_CXX_set=set
ac_cv_env_CXX_value=/opt/local/bin/g++
ac_cv_env_GUILE_INSTALL_DIR_set=
ac_cv_env_GUILE_INSTALL_DIR_value=
ac_cv_env_LDFLAGS_set=
ac_cv_env_LDFLAGS_value=
ac_cv_env_LIBS_set=
ac_cv_env_LIBS_value=
ac_cv_env_MEX_INSTALL_DIR_set=
ac_cv_env_MEX_INSTALL_DIR_value=
ac_cv_env_MEX_set=
ac_cv_env_MEX_value=
ac_cv_env_MKOCTFILE_set=
ac_cv_env_MKOCTFILE_value=
ac_cv_env_M_INSTALL_DIR_set=
ac_cv_env_M_INSTALL_DIR_value=
ac_cv_env_OCT_INSTALL_DIR_set=
ac_cv_env_OCT_INSTALL_DIR_value=
ac_cv_env_PYTHON_CONFIG_set=
ac_cv_env_PYTHON_CONFIG_value=
ac_cv_env_PYTHON_set=
ac_cv_env_PYTHON_value=
ac_cv_env_build_alias_set=
ac_cv_env_build_alias_value=
ac_cv_env_host_alias_set=
ac_cv_env_host_alias_value=
ac_cv_env_target_alias_set=
ac_cv_env_target_alias_value=
ac_cv_func_BSDgettimeofday=no
ac_cv_func_getpid=yes
ac_cv_func_gettimeofday=yes
ac_cv_func_qsort_r=yes
ac_cv_func_time=yes
ac_cv_header_dlfcn_h=yes
ac_cv_header_getopt_h=yes
ac_cv_header_inttypes_h=yes
ac_cv_header_memory_h=yes
ac_cv_header_stdc=yes
ac_cv_header_stdint_h=yes
ac_cv_header_stdlib_h=yes
ac_cv_header_string_h=yes
ac_cv_header_strings_h=yes
ac_cv_header_sys_stat_h=yes
ac_cv_header_sys_types_h=yes
ac_cv_header_time=yes
ac_cv_header_unistd_h=yes
ac_cv_host=x86_64-apple-darwin14.0.0
ac_cv_lib_m_sin=yes
ac_cv_objext=o
ac_cv_path_EGREP='/usr/bin/grep -E'
ac_cv_path_FGREP='/usr/bin/grep -F'
ac_cv_path_GREP=/usr/bin/grep
ac_cv_path_SED=/usr/bin/sed
ac_cv_path_install='/usr/bin/install -c'
ac_cv_prog_AWK=awk
ac_cv_prog_CPP='/opt/local/bin/gcc -std=gnu99 -E'
ac_cv_prog_CXXCPP='/opt/local/bin/g++ -E'
ac_cv_prog_MEX=mex
ac_cv_prog_ac_ct_AR=ar
ac_cv_prog_ac_ct_CC=/opt/local/bin/gcc
ac_cv_prog_ac_ct_DLLTOOL=dlltool
ac_cv_prog_ac_ct_DSYMUTIL=dsymutil
ac_cv_prog_ac_ct_LIPO=lipo
ac_cv_prog_ac_ct_NMEDIT=nmedit
ac_cv_prog_ac_ct_OBJDUMP=objdump
ac_cv_prog_ac_ct_OTOOL=otool
ac_cv_prog_ac_ct_RANLIB=ranlib
ac_cv_prog_ac_ct_STRIP=strip
ac_cv_prog_cc_c89=
ac_cv_prog_cc_c99=-std=gnu99
ac_cv_prog_cc_g=yes
ac_cv_prog_cc_stdc=-std=gnu99
ac_cv_prog_cxx_g=yes
ac_cv_prog_make_make_set=yes
ac_cv_sizeof_unsigned_int=4
ac_cv_sizeof_unsigned_long=8
ac_cv_type_uint32_t=yes
am_cv_CC_dependencies_compiler_type=gcc3
am_cv_CXX_dependencies_compiler_type=gcc3
am_cv_make_support_nested_variables=yes
am_cv_prog_cc_c_o=yes
ax_cv_c_threadlocal=__thread
lt_cv_apple_cc_single_mod=yes
lt_cv_ar_at_file=no
lt_cv_deplibs_check_method=pass_all
lt_cv_file_magic_cmd='$MAGIC_CMD'
lt_cv_file_magic_test_file=
lt_cv_ld_exported_symbols_list=yes
lt_cv_ld_force_load=yes
lt_cv_ld_reload_flag=-r
lt_cv_nm_interface='BSD nm'
lt_cv_objdir=.libs
lt_cv_path_LD=/opt/local/bin/ld
lt_cv_path_LDCXX=/opt/local/bin/ld
lt_cv_path_NM=/opt/local/bin/nm
lt_cv_path_mainfest_tool=no
lt_cv_prog_compiler_c_o=yes
lt_cv_prog_compiler_c_o_CXX=yes
lt_cv_prog_compiler_pic='-fno-common -DPIC'
lt_cv_prog_compiler_pic_CXX='-fno-common -DPIC'
lt_cv_prog_compiler_pic_works=yes
lt_cv_prog_compiler_pic_works_CXX=yes
lt_cv_prog_compiler_rtti_exceptions=no
lt_cv_prog_compiler_static_works=no
lt_cv_prog_compiler_static_works_CXX=no
lt_cv_prog_gnu_ld=no
lt_cv_prog_gnu_ldcxx=no
lt_cv_sharedlib_from_linklib_cmd='printf %s\n'
lt_cv_sys_global_symbol_pipe='sed -n -e '\''s/^.*[	 ]\([BCDEGRST][BCDEGRST]*\)[	 ][	 ]*_\([_A-Za-z][_A-Za-z0-9]*\)$/\1 _\2 \2/p'\'' | sed '\''/ __gnu_lto/d'\'''
lt_cv_sys_global_symbol_to_c_name_address='sed -n -e '\''s/^: \([^ ]*\)[ ]*$/  {\"\1\", (void *) 0},/p'\'' -e '\''s/^[BCDEGRST]* \([^ ]*\) \([^ ]*\)$/  {"\2", (void *) \&\2},/p'\'''
lt_cv_sys_global_symbol_to_c_name_address_lib_prefix='sed -n -e '\''s/^: \([^ ]*\)[ ]*$/  {\"\1\", (void *) 0},/p'\'' -e '\''s/^[BCDEGRST]* \([^ ]*\) \(lib[^ ]*\)$/  {"\2", (void *) \&\2},/p'\'' -e '\''s/^[BCDEGRST]* \([^ ]*\) \([^ ]*\)$/  {"lib\2", (void *) \&\2},/p'\'''
lt_cv_sys_global_symbol_to_cdecl='sed -n -e '\''s/^T .* \(.*\)$/extern int \1();/p'\'' -e '\''s/^[BCDEGRST]* .* \(.*\)$/extern char \1;/p'\'''
lt_cv_sys_max_cmd_len=196608
lt_cv_to_host_file_cmd=func_convert_file_noop
lt_cv_to_tool_file_cmd=func_convert_file_noop

## ----------------- ##
## Output variables. ##
## ----------------- ##

ACLOCAL='${SHELL} /Users/fengzeng/workspace/PyroTools/nlopt/missing aclocal-1.14'
AMDEPBACKSLASH='\'
AMDEP_FALSE='#'
AMDEP_TRUE=''
AMTAR='$${TAR-tar}'
AM_BACKSLASH='\'
AM_DEFAULT_V='$(AM_DEFAULT_VERBOSITY)'
AM_DEFAULT_VERBOSITY='1'
AM_V='$(V)'
AR='ar'
AS='as'
AUTOCONF='${SHELL} /Users/fengzeng/workspace/PyroTools/nlopt/missing autoconf'
AUTOHEADER='${SHELL} /Users/fengzeng/workspace/PyroTools/nlopt/missing autoheader'
AUTOMAKE='${SHELL} /Users/fengzeng/workspace/PyroTools/nlopt/missing automake-1.14'
AWK='awk'
CC='/opt/local/bin/gcc -std=gnu99'
CCDEPMODE='depmode=gcc3'
CFLAGS='-g -O2'
CPP='/opt/local/bin/gcc -std=gnu99 -E'
CPPFLAGS=''
CXX='/opt/local/bin/g++'
CXXCPP='/opt/local/bin/g++ -E'
CXXDEPMODE='depmode=gcc3'
CXXFLAGS='-g -O2'
CYGPATH_W='echo'
DEFS='-DHAVE_CONFIG_H'
DEPDIR='.deps'
DLLTOOL='dlltool'
DSYMUTIL='dsymutil'
DUMPBIN=''
ECHO_C='\c'
ECHO_N=''
ECHO_T=''
EGREP='/usr/bin/grep -E'
EXEEXT=''
FGREP='/usr/bin/grep -F'
GREP='/usr/bin/grep'
GUILE=''
GUILE_CONFIG='unknown'
GUILE_CPPFLAGS=''
GUILE_INSTALL_DIR=''
GUILE_LIBS=''
INSTALL_DATA='${INSTALL} -m 644'
INSTALL_PROGRAM='${INSTALL}'
INSTALL_SCRIPT='${INSTALL}'
INSTALL_STRIP_PROGRAM='$(install_sh) -c -s'
LD='/opt/local/bin/ld'
LDFLAGS=''
LIBOBJS=''
LIBS='-lm '
LIBTOOL='$(SHELL) $(top_builddir)/libtool'
LIPO='lipo'
LN_S='ln -s'
LTLIBOBJS=''
MAINT='#'
MAINTAINER_MODE_FALSE=''
MAINTAINER_MODE_TRUE='#'
MAKEINFO='${SHELL} /Users/fengzeng/workspace/PyroTools/nlopt/missing makeinfo'
MANIFEST_TOOL=':'
MATLAB='echo'
MEX='mex'
MEXSUFF=''
MEX_INSTALL_DIR=''
MKDIR_P='./install-sh -c -d'
MKOCTFILE='echo'
M_INSTALL_DIR=''
NLOPT_SUFFIX=''
NM='/opt/local/bin/nm'
NMEDIT='nmedit'
OBJDUMP='objdump'
OBJEXT='o'
OCTAVE=''
OCTAVE_CONFIG=''
OCT_INSTALL_DIR=''
OTOOL64=':'
OTOOL='otool'
PACKAGE='nlopt'
PACKAGE_BUGREPORT='stevenj@alum.mit.edu'
PACKAGE_NAME='nlopt'
PACKAGE_STRING='nlopt 2.4.2'
PACKAGE_TARNAME='nlopt'
PACKAGE_URL=''
PACKAGE_VERSION='2.4.2'
PATH_SEPARATOR=':'
PYTHON=''
PYTHON_CONFIG=''
PYTHON_EXEC_PREFIX=''
PYTHON_INCLUDES=''
PYTHON_PLATFORM=''
PYTHON_PREFIX=''
PYTHON_VERSION=''
RANLIB='ranlib'
SED='/usr/bin/sed'
SET_MAKE=''
SHARED_VERSION_INFO='8:2:8'
SHELL='/bin/sh'
STRIP='strip'
VERSION='2.4.2'
WITH_CXX_FALSE=''
WITH_CXX_TRUE='#'
WITH_GUILE_FALSE=''
WITH_GUILE_TRUE='#'
WITH_MATLAB_FALSE=''
WITH_MATLAB_TRUE='#'
WITH_OCTAVE_FALSE=''
WITH_OCTAVE_TRUE='#'
WITH_PYTHON_FALSE=''
WITH_PYTHON_TRUE='#'
ac_ct_AR='ar'
ac_ct_CC='/opt/local/bin/gcc'
ac_ct_CXX=''
ac_ct_DUMPBIN=''
am__EXEEXT_FALSE=''
am__EXEEXT_TRUE='#'
am__fastdepCC_FALSE='#'
am__fastdepCC_TRUE=''
am__fastdepCXX_FALSE='#'
am__fastdepCXX_TRUE=''
am__include='include'
am__isrc=''
am__leading_dot='.'
am__nodep='_no'
am__quote=''
am__tar='$${TAR-tar} chof - "$$tardir"'
am__untar='$${TAR-tar} xf -'
bindir='${exec_prefix}/bin'
build='x86_64-apple-darwin14.0.0'
build_alias=''
build_cpu='x86_64'
build_os='darwin14.0.0'
build_vendor='apple'
datadir='${datarootdir}'
datarootdir='${prefix}/share'
docdir='${datarootdir}/doc/${PACKAGE_TARNAME}'
dvidir='${docdir}'
exec_prefix='${prefix}'
host='x86_64-apple-darwin14.0.0'
host_alias=''
host_cpu='x86_64'
host_os='darwin14.0.0'
host_vendor='apple'
htmldir='${docdir}'
includedir='${prefix}/include'
infodir='${datarootdir}/info'
install_sh='${SHELL} /Users/fengzeng/workspace/PyroTools/nlopt/install-sh'
libdir='${exec_prefix}/lib'
libexecdir='${exec_prefix}/libexec'
localedir='${datarootdir}/locale'
localstatedir='${prefix}/var'
mandir='${datarootdir}/man'
mkdir_p='$(MKDIR_P)'
oldincludedir='/usr/include'
pdfdir='${docdir}'
pkgpyexecdir=''
pkgpythondir=''
prefix='/Users/fengzeng/workspace/PyroTools/nlopt'
program_transform_name='s,x,x,'
psdir='${docdir}'
pyexecdir=''
pythondir=''
sbindir='${exec_prefix}/sbin'
sharedstatedir='${prefix}/com'
sysconfdir='${prefix}/etc'
target_alias=''

## ----------- ##
## confdefs.h. ##
## ----------- ##

/* confdefs.h */
#define PACKAGE_NAME "nlopt"
#define PACKAGE_TARNAME "nlopt"
#define PACKAGE_VERSION "2.4.2"
#define PACKAGE_STRING "nlopt 2.4.2"
#define PACKAGE_BUGREPORT "stevenj@alum.mit.edu"
#define PACKAGE_URL ""
#define PACKAGE "nlopt"
#define VERSION "2.4.2"
#define STDC_HEADERS 1
#define HAVE_SYS_TYPES_H 1
#define HAVE_SYS_STAT_H 1
#define HAVE_STDLIB_H 1
#define HAVE_STRING_H 1
#define HAVE_MEMORY_H 1
#define HAVE_STRINGS_H 1
#define HAVE_INTTYPES_H 1
#define HAVE_STDINT_H 1
#define HAVE_UNISTD_H 1
#define HAVE_DLFCN_H 1
#define LT_OBJDIR ".libs/"
#define STDC_HEADERS 1
#define TIME_WITH_SYS_TIME 1
#define HAVE_UNISTD_H 1
#define HAVE_GETOPT_H 1
#define HAVE_STDINT_H 1
#define THREADLOCAL __thread
#define SIZEOF_UNSIGNED_INT 4
#define SIZEOF_UNSIGNED_LONG 8
#define HAVE_UINT32_T 1
#define HAVE_LIBM 1
#define HAVE_GETTIMEOFDAY 1
#define HAVE_TIME 1
#define HAVE_QSORT_R 1
#define HAVE_GETPID 1
#define HAVE_GETTID_SYSCALL 1
#define HAVE_ISNAN 1
#define HAVE_ISINF 1
#define HAVE_COPYSIGN 1
#define MAJOR_VERSION 2
#define MINOR_VERSION 4
#define BUGFIX_VERSION 2

configure: exit 0
